PROCESS CREATED -- PID: 0, Time: 0, Duration: 11, PPID: 0
PROCESS STARTED -- PID: 0, TIME: 0, Duration: 11
PROCESS CREATED -- PID: 1, Time: 1, Duration: 13, PPID: 0
PROCESS STARTED -- PID: 1, TIME: 1, Duration: 13
PROCESS STARTED -- PID: 0, TIME: 1, Duration: 10
PROCESS CREATED -- PID: 3, Time: 2, Duration: 1, PPID: 0
PROCESS STARTED -- PID: 2, TIME: 3, Duration: 1
PROCESS TERMINATED -- PID: 2, TIME: 3
PROCESS CREATED -- PID: 4, Time: 3, Duration: 8, PPID: 0
PROCESS STARTED -- PID: 3, TIME: 4, Duration: 8
PROCESS CREATED -- PID: 7, Time: 4, Duration: 10, PPID: 0
PROCESS STARTED -- PID: 0, TIME: 7, Duration: 10
PROCESS STARTED -- PID: 1, TIME: 7, Duration: 12
PROCESS STARTED -- PID: 3, TIME: 7, Duration: 5
PROCESS STARTED -- PID: 4, TIME: 8, Duration: 10
PROCESS CREATED -- PID: 9, Time: 5, Duration: 7, PPID: 0
PROCESS CREATED -- PID: 9, Time: 6, Duration: 8, PPID: 0
PROCESS CREATED -- PID: 10, Time: 7, Duration: 10, PPID: 0
PROCESS PREEMPTED -- PID: 4, TIME: 11
PROCESS CREATED -- PID: 12, Time: 8, Duration: 7, PPID: 0
PROCESS STARTED -- PID: 5, TIME: 12, Duration: 7
PROCESS STARTED -- PID: 6, TIME: 13, Duration: 8
PROCESS STARTED -- PID: 5, TIME: 13, Duration: 6
PROCESS CREATED -- PID: 14, Time: 9, Duration: 11, PPID: 0
PROCESS STARTED -- PID: 7, TIME: 14, Duration: 10
PROCESS STARTED -- PID: 6, TIME: 14, Duration: 7
PROCESS STARTED -- PID: 8, TIME: 15, Duration: 7
PROCESS STARTED -- PID: 0, TIME: 18, Duration: 9
PROCESS STARTED -- PID: 1, TIME: 19, Duration: 12
PROCESS STARTED -- PID: 8, TIME: 19, Duration: 3
PROCESS STARTED -- PID: 9, TIME: 21, Duration: 11
PROCESS STARTED -- PID: 5, TIME: 22, Duration: 6
PROCESS STARTED -- PID: 9, TIME: 22, Duration: 10
PROCESS STARTED -- PID: 4, TIME: 23, Duration: 6
PROCESS STARTED -- PID: 1, TIME: 23, Duration: 10
PROCESS STARTED -- PID: 6, TIME: 27, Duration: 7
PROCESS STARTED -- PID: 4, TIME: 27, Duration: 2
PROCESS STARTED -- PID: 5, TIME: 28, Duration: 5
PROCESS STARTED -- PID: 9, TIME: 29, Duration: 10
PROCESS STARTED -- PID: 7, TIME: 29, Duration: 9
PROCESS STARTED -- PID: 3, TIME: 33, Duration: 5
PROCESS STARTED -- PID: 6, TIME: 34, Duration: 5
PROCESS STARTED -- PID: 5, TIME: 35, Duration: 5
PROCESS STARTED -- PID: 8, TIME: 36, Duration: 3
PROCESS STARTED -- PID: 5, TIME: 36, Duration: 4
PROCESS STARTED -- PID: 1, TIME: 37, Duration: 10
PROCESS STARTED -- PID: 6, TIME: 40, Duration: 5
PROCESS STARTED -- PID: 8, TIME: 40, Duration: 2
PROCESS STARTED -- PID: 9, TIME: 40, Duration: 6
PROCESS STARTED -- PID: 3, TIME: 40, Duration: 3
PROCESS STARTED -- PID: 0, TIME: 43, Duration: 9
PROCESS STARTED -- PID: 6, TIME: 44, Duration: 2
PROCESS STARTED -- PID: 4, TIME: 45, Duration: 2
PROCESS STARTED -- PID: 9, TIME: 46, Duration: 6
PROCESS STARTED -- PID: 0, TIME: 46, Duration: 7
PROCESS STARTED -- PID: 5, TIME: 48, Duration: 4
PROCESS STARTED -- PID: 9, TIME: 48, Duration: 4
PROCESS STARTED -- PID: 7, TIME: 50, Duration: 9
PROCESS STARTED -- PID: 1, TIME: 51, Duration: 7
PROCESS STARTED -- PID: 0, TIME: 54, Duration: 7
PROCESS STARTED -- PID: 7, TIME: 54, Duration: 5
PROCESS STARTED -- PID: 8, TIME: 57, Duration: 2
PROCESS TERMINATED -- PID: 8, TIME: 58
PROCESS STARTED -- PID: 6, TIME: 59, Duration: 2
PROCESS TERMINATED -- PID: 6, TIME: 60
PROCESS STARTED -- PID: 3, TIME: 61, Duration: 3
PROCESS STARTED -- PID: 4, TIME: 62, Duration: 1
PROCESS STARTED -- PID: 9, TIME: 63, Duration: 4
PROCESS STARTED -- PID: 3, TIME: 63, Duration: 1
PROCESS STARTED -- PID: 7, TIME: 66, Duration: 5
PROCESS STARTED -- PID: 3, TIME: 69, Duration: 1
PROCESS STARTED -- PID: 9, TIME: 69, Duration: 1
PROCESS TERMINATED -- PID: 3, TIME: 69
PROCESS STARTED -- PID: 1, TIME: 70, Duration: 7
PROCESS STARTED -- PID: 4, TIME: 73, Duration: 1
PROCESS STARTED -- PID: 5, TIME: 73, Duration: 2
PROCESS TERMINATED -- PID: 4, TIME: 73
PROCESS STARTED -- PID: 9, TIME: 75, Duration: 1
PROCESS STARTED -- PID: 1, TIME: 75, Duration: 6
PROCESS TERMINATED -- PID: 9, TIME: 75
PROCESS STARTED -- PID: 1, TIME: 81, Duration: 6
PROCESS STARTED -- PID: 0, TIME: 84, Duration: 4
PROCESS PREEMPTED -- PID: 1, TIME: 84
PROCESS STARTED -- PID: 5, TIME: 85, Duration: 2
PROCESS STARTED -- PID: 1, TIME: 86, Duration: 2
PROCESS CREATED -- PID: 90, Time: 10, Duration: 1, PPID: 0
PROCESS STARTED -- PID: 10, TIME: 90, Duration: 1
PROCESS TERMINATED -- PID: 10, TIME: 90
PROCESS CREATED -- PID: 93, Time: 11, Duration: 15, PPID: 0
PROCESS STARTED -- PID: 11, TIME: 93, Duration: 15
PROCESS CREATED -- PID: 95, Time: 12, Duration: 17, PPID: 0
PROCESS STARTED -- PID: 7, TIME: 95, Duration: 2
PROCESS CREATED -- PID: 96, Time: 13, Duration: 18, PPID: 0
PROCESS CREATED -- PID: 96, Time: 14, Duration: 4, PPID: 0
PROCESS CREATED -- PID: 96, Time: 15, Duration: 11, PPID: 0
PROCESS CREATED -- PID: 96, Time: 16, Duration: 6, PPID: 0
PROCESS STARTED -- PID: 12, TIME: 97, Duration: 17
PROCESS STARTED -- PID: 13, TIME: 98, Duration: 18
PROCESS STARTED -- PID: 12, TIME: 98, Duration: 16
PROCESS STARTED -- PID: 14, TIME: 99, Duration: 4
PROCESS STARTED -- PID: 15, TIME: 101, Duration: 11
PROCESS STARTED -- PID: 14, TIME: 101, Duration: 2
PROCESS CREATED -- PID: 102, Time: 17, Duration: 7, PPID: 0
PROCESS STARTED -- PID: 16, TIME: 103, Duration: 6
PROCESS STARTED -- PID: 15, TIME: 103, Duration: 9
PROCESS CREATED -- PID: 104, Time: 18, Duration: 3, PPID: 0
PROCESS STARTED -- PID: 17, TIME: 104, Duration: 7
PROCESS CREATED -- PID: 105, Time: 19, Duration: 5, PPID: 0
PROCESS STARTED -- PID: 18, TIME: 105, Duration: 3
PROCESS STARTED -- PID: 5, TIME: 106, Duration: 1
PROCESS STARTED -- PID: 19, TIME: 107, Duration: 5
PROCESS STARTED -- PID: 16, TIME: 107, Duration: 5
PROCESS CREATED -- PID: 108, Time: 20, Duration: 17, PPID: 0
PROCESS CREATED -- PID: 109, Time: 21, Duration: 3, PPID: 0
PROCESS CREATED -- PID: 110, Time: 22, Duration: 7, PPID: 0
PROCESS STARTED -- PID: 14, TIME: 111, Duration: 2
PROCESS STARTED -- PID: 19, TIME: 111, Duration: 1
PROCESS STARTED -- PID: 20, TIME: 112, Duration: 17
PROCESS STARTED -- PID: 21, TIME: 113, Duration: 3
PROCESS STARTED -- PID: 14, TIME: 115, Duration: 1
PROCESS TERMINATED -- PID: 21, TIME: 115
PROCESS STARTED -- PID: 22, TIME: 116, Duration: 7
PROCESS STARTED -- PID: 1, TIME: 117, Duration: 1
PROCESS STARTED -- PID: 0, TIME: 118, Duration: 4
PROCESS STARTED -- PID: 20, TIME: 119, Duration: 16
PROCESS TERMINATED -- PID: 0, TIME: 121
PROCESS STARTED -- PID: 12, TIME: 122, Duration: 16
PROCESS STARTED -- PID: 7, TIME: 123, Duration: 2
PROCESS STARTED -- PID: 15, TIME: 124, Duration: 9
PROCESS STARTED -- PID: 7, TIME: 124, Duration: 1
PROCESS PREEMPTED -- PID: 15, TIME: 127
PROCESS STARTED -- PID: 16, TIME: 128, Duration: 5
PROCESS STARTED -- PID: 11, TIME: 128, Duration: 11
PROCESS STARTED -- PID: 19, TIME: 131, Duration: 1
PROCESS STARTED -- PID: 16, TIME: 131, Duration: 2
PROCESS TERMINATED -- PID: 19, TIME: 131
PROCESS STARTED -- PID: 5, TIME: 132, Duration: 1
PROCESS TERMINATED -- PID: 5, TIME: 132
PROCESS STARTED -- PID: 14, TIME: 133, Duration: 1
PROCESS TERMINATED -- PID: 14, TIME: 133
PROCESS STARTED -- PID: 20, TIME: 134, Duration: 16
PROCESS STARTED -- PID: 15, TIME: 135, Duration: 5
PROCESS STARTED -- PID: 7, TIME: 137, Duration: 1
PROCESS STARTED -- PID: 15, TIME: 137, Duration: 3
PROCESS TERMINATED -- PID: 7, TIME: 137
PROCESS STARTED -- PID: 1, TIME: 138, Duration: 1
PROCESS TERMINATED -- PID: 1, TIME: 138
PROCESS STARTED -- PID: 16, TIME: 139, Duration: 2
PROCESS STARTED -- PID: 13, TIME: 139, Duration: 17
PROCESS TERMINATED -- PID: 16, TIME: 140
PROCESS STARTED -- PID: 11, TIME: 141, Duration: 11
PROCESS STARTED -- PID: 15, TIME: 145, Duration: 3
PROCESS STARTED -- PID: 11, TIME: 145, Duration: 7
PROCESS STARTED -- PID: 15, TIME: 146, Duration: 2
PROCESS STARTED -- PID: 11, TIME: 149, Duration: 7
PROCESS STARTED -- PID: 13, TIME: 150, Duration: 17
PROCESS STARTED -- PID: 17, TIME: 150, Duration: 6
PROCESS STARTED -- PID: 15, TIME: 152, Duration: 2
PROCESS STARTED -- PID: 13, TIME: 152, Duration: 15
PROCESS STARTED -- PID: 11, TIME: 152, Duration: 6
PROCESS TERMINATED -- PID: 15, TIME: 153
PROCESS STARTED -- PID: 13, TIME: 156, Duration: 15
PROCESS STARTED -- PID: 11, TIME: 159, Duration: 6
PROCESS STARTED -- PID: 13, TIME: 159, Duration: 12
PROCESS STARTED -- PID: 18, TIME: 161, Duration: 1
PROCESS PREEMPTED -- PID: 11, TIME: 162
PROCESS STARTED -- PID: 17, TIME: 163, Duration: 6
PROCESS PREEMPTED -- PID: 17, TIME: 166
PROCESS STARTED -- PID: 11, TIME: 167, Duration: 2
PROCESS STARTED -- PID: 13, TIME: 168, Duration: 12
PROCESS STARTED -- PID: 11, TIME: 168, Duration: 1
PROCESS STARTED -- PID: 17, TIME: 172, Duration: 2
PROCESS STARTED -- PID: 13, TIME: 172, Duration: 8
PROCESS STARTED -- PID: 22, TIME: 172, Duration: 5
PROCESS STARTED -- PID: 11, TIME: 173, Duration: 1
PROCESS TERMINATED -- PID: 11, TIME: 173
PROCESS STARTED -- PID: 18, TIME: 174, Duration: 1
PROCESS TERMINATED -- PID: 18, TIME: 174
PROCESS STARTED -- PID: 13, TIME: 176, Duration: 8
PROCESS STARTED -- PID: 17, TIME: 176, Duration: 1
PROCESS STARTED -- PID: 17, TIME: 180, Duration: 1
PROCESS STARTED -- PID: 13, TIME: 180, Duration: 7
PROCESS TERMINATED -- PID: 17, TIME: 180
PROCESS STARTED -- PID: 22, TIME: 183, Duration: 5
PROCESS STARTED -- PID: 12, TIME: 183, Duration: 15
PROCESS STARTED -- PID: 13, TIME: 184, Duration: 7
PROCESS STARTED -- PID: 22, TIME: 184, Duration: 4
PROCESS STARTED -- PID: 22, TIME: 190, Duration: 4
PROCESS STARTED -- PID: 13, TIME: 190, Duration: 4
PROCESS STARTED -- PID: 12, TIME: 194, Duration: 15
PROCESS STARTED -- PID: 20, TIME: 194, Duration: 15
PROCESS STARTED -- PID: 12, TIME: 195, Duration: 14
PROCESS STARTED -- PID: 13, TIME: 196, Duration: 4
PROCESS STARTED -- PID: 12, TIME: 199, Duration: 14
PROCESS STARTED -- PID: 13, TIME: 199, Duration: 3
PROCESS STARTED -- PID: 13, TIME: 203, Duration: 3
PROCESS STARTED -- PID: 22, TIME: 205, Duration: 3
PROCESS TERMINATED -- PID: 13, TIME: 205
PROCESS STARTED -- PID: 20, TIME: 206, Duration: 15
PROCESS PREEMPTED -- PID: 20, TIME: 209
PROCESS STARTED -- PID: 20, TIME: 210, Duration: 11
PROCESS STARTED -- PID: 20, TIME: 213, Duration: 8
PROCESS STARTED -- PID: 22, TIME: 216, Duration: 3
PROCESS STARTED -- PID: 12, TIME: 216, Duration: 13
PROCESS STARTED -- PID: 20, TIME: 217, Duration: 8
PROCESS STARTED -- PID: 20, TIME: 218, Duration: 7
PROCESS STARTED -- PID: 20, TIME: 224, Duration: 7
PROCESS STARTED -- PID: 20, TIME: 225, Duration: 6
PROCESS STARTED -- PID: 12, TIME: 227, Duration: 13
PROCESS STARTED -- PID: 22, TIME: 227, Duration: 2
PROCESS STARTED -- PID: 20, TIME: 231, Duration: 6
PROCESS STARTED -- PID: 20, TIME: 235, Duration: 2
PROCESS STARTED -- PID: 22, TIME: 238, Duration: 2
PROCESS STARTED -- PID: 12, TIME: 238, Duration: 12
PROCESS TERMINATED -- PID: 22, TIME: 239
PROCESS STARTED -- PID: 20, TIME: 240, Duration: 2
PROCESS STARTED -- PID: 20, TIME: 241, Duration: 1
PROCESS STARTED -- PID: 20, TIME: 245, Duration: 1
PROCESS TERMINATED -- PID: 20, TIME: 245
PROCESS STARTED -- PID: 12, TIME: 249, Duration: 12
PROCESS STARTED -- PID: 12, TIME: 250, Duration: 11
PROCESS STARTED -- PID: 12, TIME: 256, Duration: 11
PROCESS STARTED -- PID: 12, TIME: 257, Duration: 10
PROCESS STARTED -- PID: 12, TIME: 268, Duration: 10
PROCESS STARTED -- PID: 12, TIME: 269, Duration: 9
PROCESS STARTED -- PID: 12, TIME: 275, Duration: 9
PROCESS STARTED -- PID: 12, TIME: 277, Duration: 7
PROCESS STARTED -- PID: 12, TIME: 281, Duration: 7
PROCESS STARTED -- PID: 12, TIME: 282, Duration: 6
PROCESS STARTED -- PID: 12, TIME: 288, Duration: 6
PROCESS STARTED -- PID: 12, TIME: 290, Duration: 4
PROCESS STARTED -- PID: 12, TIME: 296, Duration: 4
PROCESS TERMINATED -- PID: 12, TIME: 299
------------ END OF SIMULATION ------------